Looking for git in: git
Using git 2.25.0 from git
> git rev-parse --show-toplevel
fatal: this operation must be run in a work tree
> git rev-parse --show-toplevel
> git rev-parse --git-dir
Open repository: /home/werner/Documents/Programing
> git status -z -u
> git symbolic-ref --short HEAD
> git rev-parse master
> git rev-parse --symbolic-full-name master@{u}
fatal: no upstream configured for branch 'master'
> git for-each-ref --format %(refname) %(objectname) --sort -committerdate
> git remote --verbose
> git config --get commit.template
> git show :.git/COMMIT_EDITMSG
> git check-ignore -v -z --stdin
> git status -z -u
> git show :.git/COMMIT_EDITMSG
> git symbolic-ref --short HEAD
> git rev-parse master
> git rev-parse --symbolic-full-name master@{u}
fatal: no upstream configured for branch 'master'
> git for-each-ref --format %(refname) %(objectname) --sort -committerdate
> git remote --verbose
> git config --get commit.template
> git status -z -u
> git symbolic-ref --short HEAD
> git rev-parse master
> git rev-parse --symbolic-full-name master@{u}
fatal: no upstream configured for branch 'master'
> git for-each-ref --format %(refname) %(objectname) --sort -committerdate
> git remote --verbose
> git config --get commit.template
